Using pre-set license
Built from '6000.0/staging' branch; Version is '6000.0.39f1 (15ea7ed0b100) revision 1436286'; Using compiler version '193933523'; Build Type 'Release'
OS: 'Windows 11  (10.0.26100) 64bit Core' Language: 'zh' Physical Memory: 7886 MB
BatchMode: 1, IsHumanControllingUs: 0, StartBugReporterOnCrash: 0, Is64bit: 1, IsPro: 1

COMMAND LINE ARGUMENTS:
C:\Program Files\Unity\Hub\Editor\6000.0.39f1\Editor\Unity.exe
-adb2
-batchMode
-noUpm
-name
AssetImportWorker1
-projectPath
C:/Users/petty/source/repos/gameTest
-logFile
Logs/AssetImportWorker1.log
-srvPort
51316
-job-worker-count
3
-background-job-worker-count
8
-gc-helper-count
1
Successfully changed project path to: C:/Users/petty/source/repos/gameTest
C:/Users/petty/source/repos/gameTest
[UnityMemory] Configuration Parameters - Can be set up in boot.config
    "memorysetup-bucket-allocator-granularity=16"
    "memorysetup-bucket-allocator-bucket-count=8"
    "memorysetup-bucket-allocator-block-size=33554432"
    "memorysetup-bucket-allocator-block-count=8"
    "memorysetup-main-allocator-block-size=16777216"
    "memorysetup-thread-allocator-block-size=16777216"
    "memorysetup-gfx-main-allocator-block-size=16777216"
    "memorysetup-gfx-thread-allocator-block-size=16777216"
    "memorysetup-cache-allocator-block-size=4194304"
    "memorysetup-typetree-allocator-block-size=2097152"
    "memorysetup-profiler-bucket-allocator-granularity=16"
    "memorysetup-profiler-bucket-allocator-bucket-count=8"
    "memorysetup-profiler-bucket-allocator-block-size=33554432"
    "memorysetup-profiler-bucket-allocator-block-count=8"
    "memorysetup-profiler-allocator-block-size=16777216"
    "memorysetup-profiler-editor-allocator-block-size=1048576"
    "memorysetup-temp-allocator-size-main=16777216"
    "memorysetup-job-temp-allocator-block-size=2097152"
    "memorysetup-job-temp-allocator-block-size-background=1048576"
    "memorysetup-job-temp-allocator-reduction-small-platforms=262144"
    "memorysetup-allocator-temp-initial-block-size-main=262144"
    "memorysetup-allocator-temp-initial-block-size-worker=262144"
    "memorysetup-temp-allocator-size-background-worker=32768"
    "memorysetup-temp-allocator-size-job-worker=262144"
    "memorysetup-temp-allocator-size-preload-manager=33554432"
    "memorysetup-temp-allocator-size-nav-mesh-worker=65536"
    "memorysetup-temp-allocator-size-audio-worker=65536"
    "memorysetup-temp-allocator-size-cloud-worker=32768"
    "memorysetup-temp-allocator-size-gi-baking-worker=262144"
    "memorysetup-temp-allocator-size-gi-baking-worker=262144"
    "memorysetup-temp-allocator-size-gi-baking-worker=262144"
    "memorysetup-temp-allocator-size-gi-baking-worker=262144"
    "memorysetup-temp-allocator-size-gi-baking-worker=262144"
    "memorysetup-temp-allocator-size-gfx=262144"
Player connection [13316]  Target information:

Player connection [13316]  * "[IP] 192.168.56.1 [Port] 0 [Flags] 2 [Guid] 2640403337 [EditorId] 2640403337 [Version] 1048832 [Id] WindowsEditor(7,Laptop2) [Debug] 1 [PackageName] WindowsEditor [ProjectName] Editor" 

Player connection [13316]  * "[IP] 192.168.17.10 [Port] 0 [Flags] 2 [Guid] 2640403337 [EditorId] 2640403337 [Version] 1048832 [Id] WindowsEditor(7,Laptop2) [Debug] 1 [PackageName] WindowsEditor [ProjectName] Editor" 

Player connection [13316]  * "[IP] 192.168.17.2 [Port] 0 [Flags] 2 [Guid] 2640403337 [EditorId] 2640403337 [Version] 1048832 [Id] WindowsEditor(7,Laptop2) [Debug] 1 [PackageName] WindowsEditor [ProjectName] Editor" 

Player connection [13316]  * "[IP] 192.168.17.20 [Port] 0 [Flags] 2 [Guid] 2640403337 [EditorId] 2640403337 [Version] 1048832 [Id] WindowsEditor(7,Laptop2) [Debug] 1 [PackageName] WindowsEditor [ProjectName] Editor" 

Player connection [13316]  * "[IP] 192.168.10.101 [Port] 0 [Flags] 2 [Guid] 2640403337 [EditorId] 2640403337 [Version] 1048832 [Id] WindowsEditor(7,Laptop2) [Debug] 1 [PackageName] WindowsEditor [ProjectName] Editor" 

Player connection [13316] Host joined multi-casting on [225.0.0.222:54997]...
Player connection [13316] Host joined alternative multi-casting on [225.0.0.222:34997]...
JobSystem: Creating JobQueue using job-worker-count value 3
Input System module state changed to: Initialized.
[Physics::Module] Initialized fallback backend.
[Physics::Module] Id: 0xdecafbad
Library Redirect Path: Library/
[Physics::Module] Selected backend.
[Physics::Module] Name: PhysX
[Physics::Module] Id: 0xf2b8ea05
[Physics::Module] SDK Version: 4.1.2
[Physics::Module] Integration Version: 1.0.0
[Physics::Module] Threading Mode: Multi-Threaded
Refreshing native plugins compatible for Editor in 244.57 ms, found 3 plugins.
Preloading 0 native plugins for Editor in 0.00 ms.
Initialize engine version: 6000.0.39f1 (15ea7ed0b100)
[Subsystems] Discovering subsystems at path C:/Program Files/Unity/Hub/Editor/6000.0.39f1/Editor/Data/Resources/UnitySubsystems
[Subsystems] Discovering subsystems at path C:/Users/petty/source/repos/gameTest/Assets
GfxDevice: creating device client; kGfxThreadingModeNonThreaded
Direct3D:
    Version:  Direct3D 11.0 [level 11.1]
    Renderer: NVIDIA GeForce MX330 (ID=0x1d16)
    Vendor:   NVIDIA
    VRAM:     1983 MB
    Driver:   30.0.15.1169
Initialize mono
Mono path[0] = 'C:/Program Files/Unity/Hub/Editor/6000.0.39f1/Editor/Data/Managed'
Mono path[1] = 'C:/Program Files/Unity/Hub/Editor/6000.0.39f1/Editor/Data/MonoBleedingEdge/lib/mono/unityjit-win32'
Mono config path = 'C:/Program Files/Unity/Hub/Editor/6000.0.39f1/Editor/Data/MonoBleedingEdge/etc'
Using monoOptions --debugger-agent=transport=dt_socket,embedding=1,server=y,suspend=n,address=127.0.0.1:56328
Begin MonoManager ReloadAssembly
Registering precompiled unity dll's ...
Register platform support module: C:/Program Files/Unity/Hub/Editor/6000.0.39f1/Editor/Data/PlaybackEngines/WindowsStandaloneSupport/UnityEditor.WindowsStandalone.Extensions.dll
Registered in 0.003578 seconds.
- Loaded All Assemblies, in  1.078 seconds
Native extension for WindowsStandalone target not found
Mono: successfully reloaded assembly
- Finished resetting the current domain, in  0.569 seconds
Domain Reload Profiling: 1645ms
	BeginReloadAssembly (653ms)
		ExecutionOrderSort (0ms)
		DisableScriptedObjects (0ms)
		BackupInstance (0ms)
		ReleaseScriptingObjects (0ms)
		CreateAndSetChildDomain (6ms)
	RebuildCommonClasses (60ms)
	RebuildNativeTypeToScriptingClass (18ms)
	initialDomainReloadingComplete (72ms)
	LoadAllAssembliesAndSetupDomain (272ms)
		LoadAssemblies (636ms)
		RebuildTransferFunctionScriptingTraits (0ms)
		AnalyzeDomain (268ms)
			TypeCache.Refresh (265ms)
				TypeCache.ScanAssembly (238ms)
			BuildScriptInfoCaches (0ms)
			ResolveRequiredComponents (1ms)
	FinalizeReload (570ms)
		ReleaseScriptCaches (0ms)
		RebuildScriptCaches (0ms)
		SetupLoadedEditorAssemblies (512ms)
			LogAssemblyErrors (0ms)
			InitializePlatformSupportModulesInManaged (39ms)
			SetLoadedEditorAssemblies (8ms)
			BeforeProcessingInitializeOnLoad (94ms)
			ProcessInitializeOnLoadAttributes (283ms)
			ProcessInitializeOnLoadMethodAttributes (87ms)
			AfterProcessingInitializeOnLoad (0ms)
			EditorAssembliesLoaded (0ms)
		ExecutionOrderSort2 (0ms)
		AwakeInstancesAfterBackupRestoration (0ms)
Assembly reference Packages/com.unity.cinemachine/Editor/Samples/ExposeHDRPInternals/HDRP-Editor-ref.asmref has no target assembly definition
========================================================================
Worker process is ready to serve import requests
Import Worker Mode flag is 0x00
Assembly reference Packages/com.unity.cinemachine/Editor/Samples/ExposeHDRPInternals/HDRP-Editor-ref.asmref has no target assembly definition
Assembly reference Packages/com.unity.cinemachine/Editor/Samples/ExposeHDRPInternals/HDRP-Editor-ref.asmref has no target assembly definition
Begin MonoManager ReloadAssembly
- Loaded All Assemblies, in  1.908 seconds
Assembly reference Packages/com.unity.cinemachine/Editor/Samples/ExposeHDRPInternals/HDRP-Editor-ref.asmref has no target assembly definition
'Packages/com.unity.cinemachine/Editor/Obsolete/CinemachineVirtualCameraBaseEditor.cs' contains partial class of Unity.Object, exactly 1 of the partial classes needs to be in a file with the same filename. This is to know the one that can be referenced from ie. GameObjects
'Packages/com.unity.cinemachine/Editor/Editors/CinemachineVirtualCameraBaseEditor.cs' contains partial class of Unity.Object, exactly 1 of the partial classes needs to be in a file with the same filename. This is to know the one that can be referenced from ie. GameObjects
Refreshing native plugins compatible for Editor in 2.74 ms, found 3 plugins.
Native extension for WindowsStandalone target not found
Assembly reference Packages/com.unity.cinemachine/Editor/Samples/ExposeHDRPInternals/HDRP-Editor-ref.asmref has no target assembly definition
Package Manager log level set to [2]
[Package Manager] Failed to launch server process. Reason: Unity was launched with the -noUpm command-line argument
[Package Manager] Unable to send message (not connected to server process).
[Package Manager] Cannot connect to Unity Package Manager local server
Mono: successfully reloaded assembly
- Finished resetting the current domain, in  1.882 seconds
Domain Reload Profiling: 3783ms
	BeginReloadAssembly (361ms)
		ExecutionOrderSort (0ms)
		DisableScriptedObjects (9ms)
		BackupInstance (0ms)
		ReleaseScriptingObjects (0ms)
		CreateAndSetChildDomain (56ms)
	RebuildCommonClasses (80ms)
	RebuildNativeTypeToScriptingClass (21ms)
	initialDomainReloadingComplete (79ms)
	LoadAllAssembliesAndSetupDomain (1359ms)
		LoadAssemblies (918ms)
		RebuildTransferFunctionScriptingTraits (0ms)
		AnalyzeDomain (686ms)
			TypeCache.Refresh (491ms)
				TypeCache.ScanAssembly (448ms)
			BuildScriptInfoCaches (162ms)
			ResolveRequiredComponents (28ms)
	FinalizeReload (1883ms)
		ReleaseScriptCaches (0ms)
		RebuildScriptCaches (0ms)
		SetupLoadedEditorAssemblies (1412ms)
			LogAssemblyErrors (0ms)
			InitializePlatformSupportModulesInManaged (5ms)
			SetLoadedEditorAssemblies (5ms)
			BeforeProcessingInitializeOnLoad (208ms)
			ProcessInitializeOnLoadAttributes (886ms)
			ProcessInitializeOnLoadMethodAttributes (291ms)
			AfterProcessingInitializeOnLoad (17ms)
			EditorAssembliesLoaded (1ms)
		ExecutionOrderSort2 (0ms)
		AwakeInstancesAfterBackupRestoration (14ms)
Launched and connected shader compiler UnityShaderCompiler.exe after 0.03 seconds
Refreshing native plugins compatible for Editor in 4.44 ms, found 3 plugins.
Preloading 0 native plugins for Editor in 0.00 ms.
Unloading 255 Unused Serialized files (Serialized files now loaded: 0)
Unloading 6541 unused Assets / (6.8 MB). Loaded Objects now: 7264.
Memory consumption went from 174.8 MB to 168.0 MB.
Total: 37.231800 ms (FindLiveObjects: 4.057700 ms CreateObjectMapping: 1.846500 ms MarkObjects: 20.366500 ms  DeleteObjects: 10.954700 ms)

========================================================================
Received Import Request.
  Time since last request: 90483.060861 seconds.
  path: ProjectSettings/TagManager.asset
  artifactKey: Guid(00000000000000003000000000000000) Importer(815301076,1909f56bfc062723c751e8b465ee728b)
Start importing ProjectSettings/TagManager.asset using Guid(00000000000000003000000000000000) Importer(815301076,1909f56bfc062723c751e8b465ee728b) (PreviewImporter) -> (artifact id: 'f8206419df9b67c95c0ffc6119e8dc57') in 0.0962018 seconds
Number of updated asset objects reloaded before import = 0Number of asset objects unloaded after import = 0

========================================================================
Received Import Request.
  Time since last request: 1322.619377 seconds.
  path: Assets/prefab/FreeLook Camera (1).prefab
  artifactKey: Guid(c21a80cafc054ce4fa9f26a8f839c8cb) Importer(815301076,1909f56bfc062723c751e8b465ee728b)
Start importing Assets/prefab/FreeLook Camera (1).prefab using Guid(c21a80cafc054ce4fa9f26a8f839c8cb) Importer(815301076,1909f56bfc062723c751e8b465ee728b) (PreviewImporter) -> (artifact id: '64a3ff9f43233e173e9dfe33563ad5af') in 0.878981 seconds
Number of updated asset objects reloaded before import = 0Number of asset objects unloaded after import = 11

========================================================================
Received Import Request.
  Time since last request: 0.000455 seconds.
  path: Assets/prefab/icpFix.prefab
  artifactKey: Guid(ddfaf4ea7e78db641a2831bcce3ec505) Importer(815301076,1909f56bfc062723c751e8b465ee728b)
Start importing Assets/prefab/icpFix.prefab using Guid(ddfaf4ea7e78db641a2831bcce3ec505) Importer(815301076,1909f56bfc062723c751e8b465ee728b) (PreviewImporter) -> (artifact id: '9f2913b2dcb2ee552a36d49c5b55d30b') in 2.6701248 seconds
Number of updated asset objects reloaded before import = 0Number of asset objects unloaded after import = 417

========================================================================
Received Import Request.
  Time since last request: 314.644685 seconds.
  path: Assets/UI/GlowSansTC-Condensed-Bold.otf
  artifactKey: Guid(8ff7e7068d7603349afb20e139c38f27) Importer(815301076,1909f56bfc062723c751e8b465ee728b)
Start importing Assets/UI/GlowSansTC-Condensed-Bold.otf using Guid(8ff7e7068d7603349afb20e139c38f27) Importer(815301076,1909f56bfc062723c751e8b465ee728b) (PreviewImporter) -> (artifact id: '87115d49eec50766bede856015539350') in 0.4775485 seconds
Number of updated asset objects reloaded before import = 0Number of asset objects unloaded after import = 4

========================================================================
Received Import Request.
  Time since last request: 0.000350 seconds.
  path: Assets/icpUnity/Materials/icp-tonth.mat
  artifactKey: Guid(3efc30a5e21c2ff4498b10a1351551cb) Importer(815301076,1909f56bfc062723c751e8b465ee728b)
Start importing Assets/icpUnity/Materials/icp-tonth.mat using Guid(3efc30a5e21c2ff4498b10a1351551cb) Importer(815301076,1909f56bfc062723c751e8b465ee728b) (PreviewImporter) -> (artifact id: '7eb16492681df70941dcfc07b359d42c') in 0.0431865 seconds
Number of updated asset objects reloaded before import = 0Number of asset objects unloaded after import = 2

========================================================================
Received Import Request.
  Time since last request: 0.000065 seconds.
  path: Assets/LX Laptop/Asset/Models/LX Laptop Fully Customizable Colors/Materials/LX Laptop USB-A Contact Base.mat
  artifactKey: Guid(10fd8ba26a20486408c5c45d7c3ed87d) Importer(815301076,1909f56bfc062723c751e8b465ee728b)
Start importing Assets/LX Laptop/Asset/Models/LX Laptop Fully Customizable Colors/Materials/LX Laptop USB-A Contact Base.mat using Guid(10fd8ba26a20486408c5c45d7c3ed87d) Importer(815301076,1909f56bfc062723c751e8b465ee728b) (PreviewImporter) -> (artifact id: '9973cc97a67f109c7887465ba7208d46') in 0.1128627 seconds
Number of updated asset objects reloaded before import = 0Number of asset objects unloaded after import = 1

========================================================================
Received Import Request.
  Time since last request: 132.542113 seconds.
  path: Assets/Rolling_Balls-Sci-fi_Pack/Rolling_Balls-Sci-fi_Pack_SRP_Build/Model/RollingBalls_Sci-fi_2.fbx
  artifactKey: Guid(35f9f314354d86648b42c99b7e2fa13b) Importer(815301076,1909f56bfc062723c751e8b465ee728b)
Start importing Assets/Rolling_Balls-Sci-fi_Pack/Rolling_Balls-Sci-fi_Pack_SRP_Build/Model/RollingBalls_Sci-fi_2.fbx using Guid(35f9f314354d86648b42c99b7e2fa13b) Importer(815301076,1909f56bfc062723c751e8b465ee728b) (PreviewImporter) -> (artifact id: '428ccf518afa2d1b0c6b3cf20df029ae') in 12.1596234 seconds
Number of updated asset objects reloaded before import = 0Number of asset objects unloaded after import = 40

========================================================================
Received Import Request.
  Time since last request: 0.000643 seconds.
  path: Assets/Rolling_Balls-Sci-fi_Pack/Rolling_Balls-Sci-fi_Pack_SRP_Build/Model/RollingBalls_Sci-fi_4.fbx
  artifactKey: Guid(1ba55bb08bce76247944fccb8029d69c) Importer(815301076,1909f56bfc062723c751e8b465ee728b)
Start importing Assets/Rolling_Balls-Sci-fi_Pack/Rolling_Balls-Sci-fi_Pack_SRP_Build/Model/RollingBalls_Sci-fi_4.fbx using Guid(1ba55bb08bce76247944fccb8029d69c) Importer(815301076,1909f56bfc062723c751e8b465ee728b) (PreviewImporter) -> (artifact id: 'e8fb8554e0b5d81eee0e6cc875808d3b') in 0.6753025 seconds
Number of updated asset objects reloaded before import = 0Number of asset objects unloaded after import = 36

========================================================================
Received Import Request.
  Time since last request: 43.304876 seconds.
  path: Assets/Rolling_Balls-Sci-fi_Pack/Rolling_Balls-Sci-fi_Pack_SRP_Build/Material/Rolling_Balls-Sci-fi_390.mat
  artifactKey: Guid(00e2accff76820c488ea922ec9b8a4bb) Importer(815301076,1909f56bfc062723c751e8b465ee728b)
Start importing Assets/Rolling_Balls-Sci-fi_Pack/Rolling_Balls-Sci-fi_Pack_SRP_Build/Material/Rolling_Balls-Sci-fi_390.mat using Guid(00e2accff76820c488ea922ec9b8a4bb) Importer(815301076,1909f56bfc062723c751e8b465ee728b) (PreviewImporter) -> (artifact id: '205e74dcb868d344fa9defe836f31912') in 0.0956089 seconds
Number of updated asset objects reloaded before import = 0Number of asset objects unloaded after import = 3

========================================================================
Received Import Request.
  Time since last request: 0.000059 seconds.
  path: Assets/Rolling_Balls-Sci-fi_Pack/Rolling_Balls-Sci-fi_Pack_SRP_Build/Material/Rolling_Balls-Sci-fi_483.mat
  artifactKey: Guid(2d4223d103fcd3f42a9bc7842888d0ba) Importer(815301076,1909f56bfc062723c751e8b465ee728b)
Start importing Assets/Rolling_Balls-Sci-fi_Pack/Rolling_Balls-Sci-fi_Pack_SRP_Build/Material/Rolling_Balls-Sci-fi_483.mat using Guid(2d4223d103fcd3f42a9bc7842888d0ba) Importer(815301076,1909f56bfc062723c751e8b465ee728b) (PreviewImporter) -> (artifact id: 'd22bdd884994b1449dfcc1c60ce723ff') in 0.0662071 seconds
Number of updated asset objects reloaded before import = 0Number of asset objects unloaded after import = 3

========================================================================
Received Import Request.
  Time since last request: 0.020787 seconds.
  path: Assets/Rolling_Balls-Sci-fi_Pack/Rolling_Balls-Sci-fi_Pack_SRP_Build/Material/Rolling_Balls-Sci-fi_509.mat
  artifactKey: Guid(83d0d5577bb487c4291f45bcf0b0d011) Importer(815301076,1909f56bfc062723c751e8b465ee728b)
Start importing Assets/Rolling_Balls-Sci-fi_Pack/Rolling_Balls-Sci-fi_Pack_SRP_Build/Material/Rolling_Balls-Sci-fi_509.mat using Guid(83d0d5577bb487c4291f45bcf0b0d011) Importer(815301076,1909f56bfc062723c751e8b465ee728b) (PreviewImporter) -> (artifact id: 'c468cc9612e68a157180a6630cb15df4') in 0.0419942 seconds
Number of updated asset objects reloaded before import = 0Number of asset objects unloaded after import = 3

========================================================================
Received Import Request.
  Time since last request: 0.000044 seconds.
  path: Assets/Rolling_Balls-Sci-fi_Pack/Rolling_Balls-Sci-fi_Pack_SRP_Build/Material/Rolling_Balls-Sci-fi_585.mat
  artifactKey: Guid(6835c1f1b9c085c488abcd1ec040cef6) Importer(815301076,1909f56bfc062723c751e8b465ee728b)
Start importing Assets/Rolling_Balls-Sci-fi_Pack/Rolling_Balls-Sci-fi_Pack_SRP_Build/Material/Rolling_Balls-Sci-fi_585.mat using Guid(6835c1f1b9c085c488abcd1ec040cef6) Importer(815301076,1909f56bfc062723c751e8b465ee728b) (PreviewImporter) -> (artifact id: '43644d8f652f77ac85c072a14a40dd1e') in 0.0517946 seconds
Number of updated asset objects reloaded before import = 0Number of asset objects unloaded after import = 2

========================================================================
Received Import Request.
  Time since last request: 0.000042 seconds.
  path: Assets/Rolling_Balls-Sci-fi_Pack/Rolling_Balls-Sci-fi_Pack_SRP_Build/Material/Rolling_Balls-Sci-fi_589.mat
  artifactKey: Guid(614978ca0bc39954d9c814c61bb68dce) Importer(815301076,1909f56bfc062723c751e8b465ee728b)
Start importing Assets/Rolling_Balls-Sci-fi_Pack/Rolling_Balls-Sci-fi_Pack_SRP_Build/Material/Rolling_Balls-Sci-fi_589.mat using Guid(614978ca0bc39954d9c814c61bb68dce) Importer(815301076,1909f56bfc062723c751e8b465ee728b) (PreviewImporter) -> (artifact id: '3b1a37f67bfc748bacfe10dd85e6cae5') in 0.0459775 seconds
Number of updated asset objects reloaded before import = 0Number of asset objects unloaded after import = 3

========================================================================
Received Import Request.
  Time since last request: 0.000059 seconds.
  path: Assets/Rolling_Balls-Sci-fi_Pack/Rolling_Balls-Sci-fi_Pack_SRP_Build/Material/Rolling_Balls-Sci-fi_587.mat
  artifactKey: Guid(c85456db401cc684a85b32d0d1c4f6b0) Importer(815301076,1909f56bfc062723c751e8b465ee728b)
Start importing Assets/Rolling_Balls-Sci-fi_Pack/Rolling_Balls-Sci-fi_Pack_SRP_Build/Material/Rolling_Balls-Sci-fi_587.mat using Guid(c85456db401cc684a85b32d0d1c4f6b0) Importer(815301076,1909f56bfc062723c751e8b465ee728b) (PreviewImporter) -> (artifact id: '9669cfabaabf6812cf4f562f40eda6cf') in 0.0374015 seconds
Number of updated asset objects reloaded before import = 0Number of asset objects unloaded after import = 3

========================================================================
Received Import Request.
  Time since last request: 0.000059 seconds.
  path: Assets/Rolling_Balls-Sci-fi_Pack/Rolling_Balls-Sci-fi_Pack_SRP_Build/Material/Rolling_Balls-Sci-fi_584.mat
  artifactKey: Guid(a30a6e18a78220540b8e9539af53bd70) Importer(815301076,1909f56bfc062723c751e8b465ee728b)
Start importing Assets/Rolling_Balls-Sci-fi_Pack/Rolling_Balls-Sci-fi_Pack_SRP_Build/Material/Rolling_Balls-Sci-fi_584.mat using Guid(a30a6e18a78220540b8e9539af53bd70) Importer(815301076,1909f56bfc062723c751e8b465ee728b) (PreviewImporter) -> (artifact id: '953900ecdfb00df9d21b066f7b83be08') in 0.0368233 seconds
Number of updated asset objects reloaded before import = 0Number of asset objects unloaded after import = 2

========================================================================
Received Import Request.
  Time since last request: 0.000030 seconds.
  path: Assets/Rolling_Balls-Sci-fi_Pack/Rolling_Balls-Sci-fi_Pack_SRP_Build/Material/Rolling_Balls-Sci-fi_590.mat
  artifactKey: Guid(c003205dd8e10ac48b5a00ca28544915) Importer(815301076,1909f56bfc062723c751e8b465ee728b)
Start importing Assets/Rolling_Balls-Sci-fi_Pack/Rolling_Balls-Sci-fi_Pack_SRP_Build/Material/Rolling_Balls-Sci-fi_590.mat using Guid(c003205dd8e10ac48b5a00ca28544915) Importer(815301076,1909f56bfc062723c751e8b465ee728b) (PreviewImporter) -> (artifact id: '9971893c70c7d26fc890a670416eb36e') in 0.0497462 seconds
Number of updated asset objects reloaded before import = 0Number of asset objects unloaded after import = 2

========================================================================
Received Import Request.
  Time since last request: 0.000133 seconds.
  path: Assets/Rolling_Balls-Sci-fi_Pack/Rolling_Balls-Sci-fi_Pack_SRP_Build/Material/Rolling_Balls-Sci-fi_597.mat
  artifactKey: Guid(871193fb3c4f50843bf5115e684920af) Importer(815301076,1909f56bfc062723c751e8b465ee728b)
Start importing Assets/Rolling_Balls-Sci-fi_Pack/Rolling_Balls-Sci-fi_Pack_SRP_Build/Material/Rolling_Balls-Sci-fi_597.mat using Guid(871193fb3c4f50843bf5115e684920af) Importer(815301076,1909f56bfc062723c751e8b465ee728b) (PreviewImporter) -> (artifact id: '5032d1cea110b840d0f408a4c01e549c') in 0.0634597 seconds
Number of updated asset objects reloaded before import = 0Number of asset objects unloaded after import = 3

========================================================================
Received Import Request.
  Time since last request: 0.000043 seconds.
  path: Assets/Rolling_Balls-Sci-fi_Pack/Rolling_Balls-Sci-fi_Pack_SRP_Build/Material/Rolling_Balls-Sci-fi_592.mat
  artifactKey: Guid(30539438bc3899143b9f3f4b3389743c) Importer(815301076,1909f56bfc062723c751e8b465ee728b)
Start importing Assets/Rolling_Balls-Sci-fi_Pack/Rolling_Balls-Sci-fi_Pack_SRP_Build/Material/Rolling_Balls-Sci-fi_592.mat using Guid(30539438bc3899143b9f3f4b3389743c) Importer(815301076,1909f56bfc062723c751e8b465ee728b) (PreviewImporter) -> (artifact id: '859636f10afcc5599f50c4b1326ad5e5') in 0.0382134 seconds
Number of updated asset objects reloaded before import = 0Number of asset objects unloaded after import = 3

========================================================================
Received Import Request.
  Time since last request: 0.000059 seconds.
  path: Assets/Rolling_Balls-Sci-fi_Pack/Rolling_Balls-Sci-fi_Pack_SRP_Build/Material/Rolling_Balls-Sci-fi_593.mat
  artifactKey: Guid(418842fac0771b445a871ca485820a61) Importer(815301076,1909f56bfc062723c751e8b465ee728b)
Start importing Assets/Rolling_Balls-Sci-fi_Pack/Rolling_Balls-Sci-fi_Pack_SRP_Build/Material/Rolling_Balls-Sci-fi_593.mat using Guid(418842fac0771b445a871ca485820a61) Importer(815301076,1909f56bfc062723c751e8b465ee728b) (PreviewImporter) -> (artifact id: 'ab4db1ab41e62df1196d1613a04d212c') in 0.0636581 seconds
Number of updated asset objects reloaded before import = 0Number of asset objects unloaded after import = 3

========================================================================
Received Import Request.
  Time since last request: 0.010756 seconds.
  path: Assets/Rolling_Balls-Sci-fi_Pack/Rolling_Balls-Sci-fi_Pack_SRP_Build/Material/Rolling_Balls-Sci-fi_600.mat
  artifactKey: Guid(45298754e53467c4e9f87fdacb153bb7) Importer(815301076,1909f56bfc062723c751e8b465ee728b)
Start importing Assets/Rolling_Balls-Sci-fi_Pack/Rolling_Balls-Sci-fi_Pack_SRP_Build/Material/Rolling_Balls-Sci-fi_600.mat using Guid(45298754e53467c4e9f87fdacb153bb7) Importer(815301076,1909f56bfc062723c751e8b465ee728b) (PreviewImporter) -> (artifact id: '4f567afdba70b5862bb9357835f372dd') in 0.0643669 seconds
Number of updated asset objects reloaded before import = 0Number of asset objects unloaded after import = 3

========================================================================
Received Import Request.
  Time since last request: 0.000054 seconds.
  path: Assets/Rolling_Balls-Sci-fi_Pack/Rolling_Balls-Sci-fi_Pack_SRP_Build/Material/Rolling_Balls-Sci-fi_4830.mat
  artifactKey: Guid(813d0372dc85aaf47b106847d7e8a390) Importer(815301076,1909f56bfc062723c751e8b465ee728b)
Start importing Assets/Rolling_Balls-Sci-fi_Pack/Rolling_Balls-Sci-fi_Pack_SRP_Build/Material/Rolling_Balls-Sci-fi_4830.mat using Guid(813d0372dc85aaf47b106847d7e8a390) Importer(815301076,1909f56bfc062723c751e8b465ee728b) (PreviewImporter) -> (artifact id: 'd58812fa1fa647c23011c137664f4f58') in 0.0305752 seconds
Number of updated asset objects reloaded before import = 0Number of asset objects unloaded after import = 3

========================================================================
Received Prepare
Assembly reference Packages/com.unity.cinemachine/Editor/Samples/ExposeHDRPInternals/HDRP-Editor-ref.asmref has no target assembly definition
Assembly reference Packages/com.unity.cinemachine/Editor/Samples/ExposeHDRPInternals/HDRP-Editor-ref.asmref has no target assembly definition
Begin MonoManager ReloadAssembly
- Loaded All Assemblies, in  7.646 seconds
Assembly reference Packages/com.unity.cinemachine/Editor/Samples/ExposeHDRPInternals/HDRP-Editor-ref.asmref has no target assembly definition
'Packages/com.unity.cinemachine/Editor/Obsolete/CinemachineVirtualCameraBaseEditor.cs' contains partial class of Unity.Object, exactly 1 of the partial classes needs to be in a file with the same filename. This is to know the one that can be referenced from ie. GameObjects
'Packages/com.unity.cinemachine/Editor/Editors/CinemachineVirtualCameraBaseEditor.cs' contains partial class of Unity.Object, exactly 1 of the partial classes needs to be in a file with the same filename. This is to know the one that can be referenced from ie. GameObjects
Refreshing native plugins compatible for Editor in 5.31 ms, found 3 plugins.
Native extension for WindowsStandalone target not found
Assembly reference Packages/com.unity.cinemachine/Editor/Samples/ExposeHDRPInternals/HDRP-Editor-ref.asmref has no target assembly definition
[Package Manager] Failed to launch server process. Reason: Unity was launched with the -noUpm command-line argument
[Package Manager] Unable to send message (not connected to server process).
[Package Manager] Cannot connect to Unity Package Manager local server
Mono: successfully reloaded assembly
- Finished resetting the current domain, in  3.614 seconds
Domain Reload Profiling: 11293ms
	BeginReloadAssembly (4123ms)
		ExecutionOrderSort (3ms)
		DisableScriptedObjects (670ms)
		BackupInstance (0ms)
		ReleaseScriptingObjects (15ms)
		CreateAndSetChildDomain (1659ms)
	RebuildCommonClasses (126ms)
	RebuildNativeTypeToScriptingClass (32ms)
	initialDomainReloadingComplete (118ms)
	LoadAllAssembliesAndSetupDomain (3272ms)
		LoadAssemblies (2901ms)
		RebuildTransferFunctionScriptingTraits (0ms)
		AnalyzeDomain (1275ms)
			TypeCache.Refresh (80ms)
				TypeCache.ScanAssembly (0ms)
			BuildScriptInfoCaches (1094ms)
			ResolveRequiredComponents (48ms)
	FinalizeReload (3622ms)
		ReleaseScriptCaches (0ms)
		RebuildScriptCaches (0ms)
		SetupLoadedEditorAssemblies (2544ms)
			LogAssemblyErrors (0ms)
			InitializePlatformSupportModulesInManaged (22ms)
			SetLoadedEditorAssemblies (37ms)
			BeforeProcessingInitializeOnLoad (719ms)
			ProcessInitializeOnLoadAttributes (1365ms)
			ProcessInitializeOnLoadMethodAttributes (354ms)
			AfterProcessingInitializeOnLoad (45ms)
			EditorAssembliesLoaded (2ms)
		ExecutionOrderSort2 (0ms)
		AwakeInstancesAfterBackupRestoration (69ms)
Refreshing native plugins compatible for Editor in 7.51 ms, found 3 plugins.
Preloading 0 native plugins for Editor in 0.00 ms.
Unloading 37 Unused Serialized files (Serialized files now loaded: 0)
Unloading 6541 unused Assets / (5.8 MB). Loaded Objects now: 7354.
Memory consumption went from 170.0 MB to 164.2 MB.
Total: 45.081300 ms (FindLiveObjects: 5.520600 ms CreateObjectMapping: 2.524400 ms MarkObjects: 27.372900 ms  DeleteObjects: 9.658200 ms)

Prepare: number of updated asset objects reloaded= 0
========================================================================
Received Import Request.
  Time since last request: 184.796903 seconds.
  path: Assets/prefab/PlayEnemy/Enemy/Enemy1.prefab
  artifactKey: Guid(0147d3c8795ae9b40b97c1b6f86db454) Importer(815301076,1909f56bfc062723c751e8b465ee728b)
Start importing Assets/prefab/PlayEnemy/Enemy/Enemy1.prefab using Guid(0147d3c8795ae9b40b97c1b6f86db454) Importer(815301076,1909f56bfc062723c751e8b465ee728b) (PreviewImporter) -> (artifact id: 'e2958922f75b580c450b68b10c952bf7') in 0.9958391 seconds
Number of updated asset objects reloaded before import = 0Number of asset objects unloaded after import = 51

========================================================================
Received Prepare
'Packages/com.unity.cinemachine/Editor/Obsolete/CinemachineVirtualCameraBaseEditor.cs' contains partial class of Unity.Object, exactly 1 of the partial classes needs to be in a file with the same filename. This is to know the one that can be referenced from ie. GameObjects
'Packages/com.unity.cinemachine/Editor/Editors/CinemachineVirtualCameraBaseEditor.cs' contains partial class of Unity.Object, exactly 1 of the partial classes needs to be in a file with the same filename. This is to know the one that can be referenced from ie. GameObjects
Refreshing native plugins compatible for Editor in 1.61 ms, found 3 plugins.
Preloading 0 native plugins for Editor in 0.00 ms.
Unloading 26 Unused Serialized files (Serialized files now loaded: 0)
Unloading 6533 unused Assets / (5.8 MB). Loaded Objects now: 7495.
Memory consumption went from 175.9 MB to 170.0 MB.
Total: 428.319200 ms (FindLiveObjects: 4.685200 ms CreateObjectMapping: 1.432600 ms MarkObjects: 414.771900 ms  DeleteObjects: 7.425100 ms)

Prepare: number of updated asset objects reloaded= 0
========================================================================
Received Prepare
'Packages/com.unity.cinemachine/Editor/Obsolete/CinemachineVirtualCameraBaseEditor.cs' contains partial class of Unity.Object, exactly 1 of the partial classes needs to be in a file with the same filename. This is to know the one that can be referenced from ie. GameObjects
'Packages/com.unity.cinemachine/Editor/Editors/CinemachineVirtualCameraBaseEditor.cs' contains partial class of Unity.Object, exactly 1 of the partial classes needs to be in a file with the same filename. This is to know the one that can be referenced from ie. GameObjects
Refreshing native plugins compatible for Editor in 3.10 ms, found 3 plugins.
Preloading 0 native plugins for Editor in 0.00 ms.
Unloading 26 Unused Serialized files (Serialized files now loaded: 0)
Unloading 6532 unused Assets / (6.1 MB). Loaded Objects now: 7495.
Memory consumption went from 175.9 MB to 169.8 MB.
Total: 227.337700 ms (FindLiveObjects: 8.251300 ms CreateObjectMapping: 1.163800 ms MarkObjects: 211.455800 ms  DeleteObjects: 6.462600 ms)

Prepare: number of updated asset objects reloaded= 0
