Using pre-set license
Built from '6000.0/staging' branch; Version is '6000.0.39f1 (15ea7ed0b100) revision 1436286'; Using compiler version '193933523'; Build Type 'Release'
OS: 'Windows 11  (10.0.26100) 64bit Core' Language: 'zh' Physical Memory: 7886 MB
BatchMode: 1, IsHumanControllingUs: 0, StartBugReporterOnCrash: 0, Is64bit: 1, IsPro: 1

COMMAND LINE ARGUMENTS:
C:\Program Files\Unity\Hub\Editor\6000.0.39f1\Editor\Unity.exe
-adb2
-batchMode
-noUpm
-name
AssetImportWorker0
-projectPath
C:/Users/petty/source/repos/gameTest
-logFile
Logs/AssetImportWorker0.log
-srvPort
51316
-job-worker-count
3
-background-job-worker-count
8
-gc-helper-count
1
Successfully changed project path to: C:/Users/petty/source/repos/gameTest
C:/Users/petty/source/repos/gameTest
[UnityMemory] Configuration Parameters - Can be set up in boot.config
    "memorysetup-bucket-allocator-granularity=16"
    "memorysetup-bucket-allocator-bucket-count=8"
    "memorysetup-bucket-allocator-block-size=33554432"
    "memorysetup-bucket-allocator-block-count=8"
    "memorysetup-main-allocator-block-size=16777216"
    "memorysetup-thread-allocator-block-size=16777216"
    "memorysetup-gfx-main-allocator-block-size=16777216"
    "memorysetup-gfx-thread-allocator-block-size=16777216"
    "memorysetup-cache-allocator-block-size=4194304"
    "memorysetup-typetree-allocator-block-size=2097152"
    "memorysetup-profiler-bucket-allocator-granularity=16"
    "memorysetup-profiler-bucket-allocator-bucket-count=8"
    "memorysetup-profiler-bucket-allocator-block-size=33554432"
    "memorysetup-profiler-bucket-allocator-block-count=8"
    "memorysetup-profiler-allocator-block-size=16777216"
    "memorysetup-profiler-editor-allocator-block-size=1048576"
    "memorysetup-temp-allocator-size-main=16777216"
    "memorysetup-job-temp-allocator-block-size=2097152"
    "memorysetup-job-temp-allocator-block-size-background=1048576"
    "memorysetup-job-temp-allocator-reduction-small-platforms=262144"
    "memorysetup-allocator-temp-initial-block-size-main=262144"
    "memorysetup-allocator-temp-initial-block-size-worker=262144"
    "memorysetup-temp-allocator-size-background-worker=32768"
    "memorysetup-temp-allocator-size-job-worker=262144"
    "memorysetup-temp-allocator-size-preload-manager=33554432"
    "memorysetup-temp-allocator-size-nav-mesh-worker=65536"
    "memorysetup-temp-allocator-size-audio-worker=65536"
    "memorysetup-temp-allocator-size-cloud-worker=32768"
    "memorysetup-temp-allocator-size-gi-baking-worker=262144"
    "memorysetup-temp-allocator-size-gi-baking-worker=262144"
    "memorysetup-temp-allocator-size-gi-baking-worker=262144"
    "memorysetup-temp-allocator-size-gi-baking-worker=262144"
    "memorysetup-temp-allocator-size-gi-baking-worker=262144"
    "memorysetup-temp-allocator-size-gfx=262144"
Player connection [17912]  Target information:

Player connection [17912]  * "[IP] 192.168.56.1 [Port] 0 [Flags] 2 [Guid] 1181987159 [EditorId] 1181987159 [Version] 1048832 [Id] WindowsEditor(7,Laptop2) [Debug] 1 [PackageName] WindowsEditor [ProjectName] Editor" 

Player connection [17912]  * "[IP] 192.168.17.10 [Port] 0 [Flags] 2 [Guid] 1181987159 [EditorId] 1181987159 [Version] 1048832 [Id] WindowsEditor(7,Laptop2) [Debug] 1 [PackageName] WindowsEditor [ProjectName] Editor" 

Player connection [17912]  * "[IP] 192.168.17.2 [Port] 0 [Flags] 2 [Guid] 1181987159 [EditorId] 1181987159 [Version] 1048832 [Id] WindowsEditor(7,Laptop2) [Debug] 1 [PackageName] WindowsEditor [ProjectName] Editor" 

Player connection [17912]  * "[IP] 192.168.17.20 [Port] 0 [Flags] 2 [Guid] 1181987159 [EditorId] 1181987159 [Version] 1048832 [Id] WindowsEditor(7,Laptop2) [Debug] 1 [PackageName] WindowsEditor [ProjectName] Editor" 

Player connection [17912]  * "[IP] 192.168.10.101 [Port] 0 [Flags] 2 [Guid] 1181987159 [EditorId] 1181987159 [Version] 1048832 [Id] WindowsEditor(7,Laptop2) [Debug] 1 [PackageName] WindowsEditor [ProjectName] Editor" 

Player connection [17912] Host joined multi-casting on [225.0.0.222:54997]...
Player connection [17912] Host joined alternative multi-casting on [225.0.0.222:34997]...
JobSystem: Creating JobQueue using job-worker-count value 3
Input System module state changed to: Initialized.
[Physics::Module] Initialized fallback backend.
[Physics::Module] Id: 0xdecafbad
Library Redirect Path: Library/
[Physics::Module] Selected backend.
[Physics::Module] Name: PhysX
[Physics::Module] Id: 0xf2b8ea05
[Physics::Module] SDK Version: 4.1.2
[Physics::Module] Integration Version: 1.0.0
[Physics::Module] Threading Mode: Multi-Threaded
Refreshing native plugins compatible for Editor in 244.62 ms, found 3 plugins.
Preloading 0 native plugins for Editor in 0.00 ms.
Initialize engine version: 6000.0.39f1 (15ea7ed0b100)
[Subsystems] Discovering subsystems at path C:/Program Files/Unity/Hub/Editor/6000.0.39f1/Editor/Data/Resources/UnitySubsystems
[Subsystems] Discovering subsystems at path C:/Users/petty/source/repos/gameTest/Assets
GfxDevice: creating device client; kGfxThreadingModeNonThreaded
Direct3D:
    Version:  Direct3D 11.0 [level 11.1]
    Renderer: NVIDIA GeForce MX330 (ID=0x1d16)
    Vendor:   NVIDIA
    VRAM:     1983 MB
    Driver:   30.0.15.1169
Initialize mono
Mono path[0] = 'C:/Program Files/Unity/Hub/Editor/6000.0.39f1/Editor/Data/Managed'
Mono path[1] = 'C:/Program Files/Unity/Hub/Editor/6000.0.39f1/Editor/Data/MonoBleedingEdge/lib/mono/unityjit-win32'
Mono config path = 'C:/Program Files/Unity/Hub/Editor/6000.0.39f1/Editor/Data/MonoBleedingEdge/etc'
Using monoOptions --debugger-agent=transport=dt_socket,embedding=1,server=y,suspend=n,address=127.0.0.1:56836
Begin MonoManager ReloadAssembly
Registering precompiled unity dll's ...
Register platform support module: C:/Program Files/Unity/Hub/Editor/6000.0.39f1/Editor/Data/PlaybackEngines/WindowsStandaloneSupport/UnityEditor.WindowsStandalone.Extensions.dll
Registered in 0.006070 seconds.
- Loaded All Assemblies, in  0.847 seconds
Native extension for WindowsStandalone target not found
Mono: successfully reloaded assembly
- Finished resetting the current domain, in  0.635 seconds
Domain Reload Profiling: 1480ms
	BeginReloadAssembly (320ms)
		ExecutionOrderSort (0ms)
		DisableScriptedObjects (0ms)
		BackupInstance (0ms)
		ReleaseScriptingObjects (0ms)
		CreateAndSetChildDomain (6ms)
	RebuildCommonClasses (69ms)
	RebuildNativeTypeToScriptingClass (17ms)
	initialDomainReloadingComplete (106ms)
	LoadAllAssembliesAndSetupDomain (331ms)
		LoadAssemblies (304ms)
		RebuildTransferFunctionScriptingTraits (0ms)
		AnalyzeDomain (326ms)
			TypeCache.Refresh (322ms)
				TypeCache.ScanAssembly (299ms)
			BuildScriptInfoCaches (1ms)
			ResolveRequiredComponents (1ms)
	FinalizeReload (637ms)
		ReleaseScriptCaches (0ms)
		RebuildScriptCaches (0ms)
		SetupLoadedEditorAssemblies (574ms)
			LogAssemblyErrors (0ms)
			InitializePlatformSupportModulesInManaged (39ms)
			SetLoadedEditorAssemblies (9ms)
			BeforeProcessingInitializeOnLoad (95ms)
			ProcessInitializeOnLoadAttributes (297ms)
			ProcessInitializeOnLoadMethodAttributes (135ms)
			AfterProcessingInitializeOnLoad (0ms)
			EditorAssembliesLoaded (0ms)
		ExecutionOrderSort2 (0ms)
		AwakeInstancesAfterBackupRestoration (0ms)
Assembly reference Packages/com.unity.cinemachine/Editor/Samples/ExposeHDRPInternals/HDRP-Editor-ref.asmref has no target assembly definition
========================================================================
Worker process is ready to serve import requests
Import Worker Mode flag is 0x00
Assembly reference Packages/com.unity.cinemachine/Editor/Samples/ExposeHDRPInternals/HDRP-Editor-ref.asmref has no target assembly definition
Assembly reference Packages/com.unity.cinemachine/Editor/Samples/ExposeHDRPInternals/HDRP-Editor-ref.asmref has no target assembly definition
Begin MonoManager ReloadAssembly
- Loaded All Assemblies, in  1.911 seconds
Assembly reference Packages/com.unity.cinemachine/Editor/Samples/ExposeHDRPInternals/HDRP-Editor-ref.asmref has no target assembly definition
'Packages/com.unity.cinemachine/Editor/Obsolete/CinemachineVirtualCameraBaseEditor.cs' contains partial class of Unity.Object, exactly 1 of the partial classes needs to be in a file with the same filename. This is to know the one that can be referenced from ie. GameObjects
'Packages/com.unity.cinemachine/Editor/Editors/CinemachineVirtualCameraBaseEditor.cs' contains partial class of Unity.Object, exactly 1 of the partial classes needs to be in a file with the same filename. This is to know the one that can be referenced from ie. GameObjects
Refreshing native plugins compatible for Editor in 3.74 ms, found 3 plugins.
Native extension for WindowsStandalone target not found
Assembly reference Packages/com.unity.cinemachine/Editor/Samples/ExposeHDRPInternals/HDRP-Editor-ref.asmref has no target assembly definition
Package Manager log level set to [2]
[Package Manager] Failed to launch server process. Reason: Unity was launched with the -noUpm command-line argument
[Package Manager] Unable to send message (not connected to server process).
[Package Manager] Cannot connect to Unity Package Manager local server
Mono: successfully reloaded assembly
- Finished resetting the current domain, in  1.876 seconds
Domain Reload Profiling: 3771ms
	BeginReloadAssembly (347ms)
		ExecutionOrderSort (0ms)
		DisableScriptedObjects (10ms)
		BackupInstance (0ms)
		ReleaseScriptingObjects (0ms)
		CreateAndSetChildDomain (63ms)
	RebuildCommonClasses (80ms)
	RebuildNativeTypeToScriptingClass (27ms)
	initialDomainReloadingComplete (78ms)
	LoadAllAssembliesAndSetupDomain (1362ms)
		LoadAssemblies (892ms)
		RebuildTransferFunctionScriptingTraits (0ms)
		AnalyzeDomain (688ms)
			TypeCache.Refresh (483ms)
				TypeCache.ScanAssembly (439ms)
			BuildScriptInfoCaches (171ms)
			ResolveRequiredComponents (27ms)
	FinalizeReload (1877ms)
		ReleaseScriptCaches (0ms)
		RebuildScriptCaches (0ms)
		SetupLoadedEditorAssemblies (1419ms)
			LogAssemblyErrors (0ms)
			InitializePlatformSupportModulesInManaged (4ms)
			SetLoadedEditorAssemblies (9ms)
			BeforeProcessingInitializeOnLoad (215ms)
			ProcessInitializeOnLoadAttributes (885ms)
			ProcessInitializeOnLoadMethodAttributes (290ms)
			AfterProcessingInitializeOnLoad (16ms)
			EditorAssembliesLoaded (1ms)
		ExecutionOrderSort2 (0ms)
		AwakeInstancesAfterBackupRestoration (14ms)
Launched and connected shader compiler UnityShaderCompiler.exe after 0.05 seconds
Refreshing native plugins compatible for Editor in 4.17 ms, found 3 plugins.
Preloading 0 native plugins for Editor in 0.00 ms.
Unloading 255 Unused Serialized files (Serialized files now loaded: 0)
Unloading 6541 unused Assets / (6.6 MB). Loaded Objects now: 7264.
Memory consumption went from 174.7 MB to 168.1 MB.
Total: 36.153200 ms (FindLiveObjects: 4.428200 ms CreateObjectMapping: 1.403700 ms MarkObjects: 21.095600 ms  DeleteObjects: 9.218600 ms)

========================================================================
Received Import Request.
  Time since last request: 91806.235849 seconds.
  path: Assets/prefab/bullet Variant.prefab
  artifactKey: Guid(a5672d2a55623fd4b90ccb4edcb9f44c) Importer(815301076,1909f56bfc062723c751e8b465ee728b)
Start importing Assets/prefab/bullet Variant.prefab using Guid(a5672d2a55623fd4b90ccb4edcb9f44c) Importer(815301076,1909f56bfc062723c751e8b465ee728b) (PreviewImporter) -> (artifact id: '8c64dcc9cb708a44cb9e0586b31dfa01') in 3.3929365 seconds
Number of updated asset objects reloaded before import = 0Number of asset objects unloaded after import = 43

========================================================================
Received Import Request.
  Time since last request: 0.000097 seconds.
  path: Assets/prefab/Text (TMP).prefab
  artifactKey: Guid(061255e46649a9241b256db024d8f960) Importer(815301076,1909f56bfc062723c751e8b465ee728b)
Start importing Assets/prefab/Text (TMP).prefab using Guid(061255e46649a9241b256db024d8f960) Importer(815301076,1909f56bfc062723c751e8b465ee728b) (PreviewImporter) -> (artifact id: 'b358d48aa789a6d5c9343a42214af5ac') in 0.1235066 seconds
Number of updated asset objects reloaded before import = 0Number of asset objects unloaded after import = 9

========================================================================
Received Import Request.
  Time since last request: 0.000076 seconds.
  path: Assets/prefab/Rendering 1.prefab
  artifactKey: Guid(dca4ed202c94298468467377976f781a) Importer(815301076,1909f56bfc062723c751e8b465ee728b)
Start importing Assets/prefab/Rendering 1.prefab using Guid(dca4ed202c94298468467377976f781a) Importer(815301076,1909f56bfc062723c751e8b465ee728b) (PreviewImporter) -> (artifact id: '9179b2444f55208a012c8a5e3dd4c519') in 0.0183971 seconds
Number of updated asset objects reloaded before import = 0Number of asset objects unloaded after import = 34

========================================================================
Received Import Request.
  Time since last request: 0.000037 seconds.
  path: Assets/prefab/Rendering.prefab
  artifactKey: Guid(c54ed59d463f30c4396aefcb34fae304) Importer(815301076,1909f56bfc062723c751e8b465ee728b)
Start importing Assets/prefab/Rendering.prefab using Guid(c54ed59d463f30c4396aefcb34fae304) Importer(815301076,1909f56bfc062723c751e8b465ee728b) (PreviewImporter) -> (artifact id: '7c048703481dd0b82302554bd8c9878c') in 0.0071237 seconds
Number of updated asset objects reloaded before import = 0Number of asset objects unloaded after import = 34

========================================================================
Received Import Request.
  Time since last request: 314.744043 seconds.
  path: Assets/TextMesh Pro/Fonts/LiberationSans.ttf
  artifactKey: Guid(e3265ab4bf004d28a9537516768c1c75) Importer(815301076,1909f56bfc062723c751e8b465ee728b)
Start importing Assets/TextMesh Pro/Fonts/LiberationSans.ttf using Guid(e3265ab4bf004d28a9537516768c1c75) Importer(815301076,1909f56bfc062723c751e8b465ee728b) (PreviewImporter) -> (artifact id: '4d2fbb8e43d38779cb0dacd22abf6052') in 0.4913107 seconds
Number of updated asset objects reloaded before import = 0Number of asset objects unloaded after import = 4

========================================================================
Received Import Request.
  Time since last request: 0.000317 seconds.
  path: Assets/LX Laptop/Asset/Models/LX Laptop Simple Customization With Bezel/Keyboard Backlight/Mats/LX Laptop USB-A Contact Base.mat
  artifactKey: Guid(e9f68a2785236e7429fea7b537e742fd) Importer(815301076,1909f56bfc062723c751e8b465ee728b)
Start importing Assets/LX Laptop/Asset/Models/LX Laptop Simple Customization With Bezel/Keyboard Backlight/Mats/LX Laptop USB-A Contact Base.mat using Guid(e9f68a2785236e7429fea7b537e742fd) Importer(815301076,1909f56bfc062723c751e8b465ee728b) (PreviewImporter) -> (artifact id: 'a39337cb8aae140cd124ff718be6da99') in 0.0691306 seconds
Number of updated asset objects reloaded before import = 0Number of asset objects unloaded after import = 1

========================================================================
Received Import Request.
  Time since last request: 0.000065 seconds.
  path: Assets/LX Laptop/Asset/Models/LX Laptop Fully Customizable Colors/Keyboard Backlight/Mats/LX Laptop USB-A Contact Base.mat
  artifactKey: Guid(194d8632fa958fc4296fdf59d8dc8156) Importer(815301076,1909f56bfc062723c751e8b465ee728b)
Start importing Assets/LX Laptop/Asset/Models/LX Laptop Fully Customizable Colors/Keyboard Backlight/Mats/LX Laptop USB-A Contact Base.mat using Guid(194d8632fa958fc4296fdf59d8dc8156) Importer(815301076,1909f56bfc062723c751e8b465ee728b) (PreviewImporter) -> (artifact id: 'fea9aa6e87143dd22c8b339b4aab9779') in 0.0164855 seconds
Number of updated asset objects reloaded before import = 0Number of asset objects unloaded after import = 1

========================================================================
Received Import Request.
  Time since last request: 0.000070 seconds.
  path: Assets/LX Laptop/Asset/Models/LX Laptop Simple Customization/Materials/LX Laptop USB-A Contact Base.mat
  artifactKey: Guid(32641922919de114c90be38aa719c4ab) Importer(815301076,1909f56bfc062723c751e8b465ee728b)
Start importing Assets/LX Laptop/Asset/Models/LX Laptop Simple Customization/Materials/LX Laptop USB-A Contact Base.mat using Guid(32641922919de114c90be38aa719c4ab) Importer(815301076,1909f56bfc062723c751e8b465ee728b) (PreviewImporter) -> (artifact id: 'cedd21b8393336f207be484c0810dca2') in 0.0576625 seconds
Number of updated asset objects reloaded before import = 0Number of asset objects unloaded after import = 1

========================================================================
Received Import Request.
  Time since last request: 115.602751 seconds.
  path: Assets/Rolling_Balls-Sci-fi_Pack/Rolling_Balls-Sci-fi_Pack_SRP_Build
  artifactKey: Guid(2e11536ec810cd244901bc1e78109714) Importer(815301076,1909f56bfc062723c751e8b465ee728b)
Start importing Assets/Rolling_Balls-Sci-fi_Pack/Rolling_Balls-Sci-fi_Pack_SRP_Build using Guid(2e11536ec810cd244901bc1e78109714) Importer(815301076,1909f56bfc062723c751e8b465ee728b) (PreviewImporter) -> (artifact id: 'f48bfdb1426d68a6c5c10d21b19b7ff0') in 0.0056967 seconds
Number of updated asset objects reloaded before import = 0Number of asset objects unloaded after import = 0

========================================================================
Received Import Request.
  Time since last request: 5.790144 seconds.
  path: Assets/Rolling_Balls-Sci-fi_Pack/Rolling_Balls-Sci-fi_Pack_SRP_Build/Prefab
  artifactKey: Guid(a86fb7ec7d9ebdf45891da25dbc22245) Importer(815301076,1909f56bfc062723c751e8b465ee728b)
Start importing Assets/Rolling_Balls-Sci-fi_Pack/Rolling_Balls-Sci-fi_Pack_SRP_Build/Prefab using Guid(a86fb7ec7d9ebdf45891da25dbc22245) Importer(815301076,1909f56bfc062723c751e8b465ee728b) (PreviewImporter) -> (artifact id: 'd01398f819d10f6fde23f4f953449be5') in 0.0021983 seconds
Number of updated asset objects reloaded before import = 0Number of asset objects unloaded after import = 0

========================================================================
Received Import Request.
  Time since last request: 7.061783 seconds.
  path: Assets/Rolling_Balls-Sci-fi_Pack/Rolling_Balls-Sci-fi_Pack_SRP_Build/Scene
  artifactKey: Guid(23b2fff5e6a5bec429535bb4c795190c) Importer(815301076,1909f56bfc062723c751e8b465ee728b)
Start importing Assets/Rolling_Balls-Sci-fi_Pack/Rolling_Balls-Sci-fi_Pack_SRP_Build/Scene using Guid(23b2fff5e6a5bec429535bb4c795190c) Importer(815301076,1909f56bfc062723c751e8b465ee728b) (PreviewImporter) -> (artifact id: 'f285654493387dc2c6451678f52e4456') in 0.0016052 seconds
Number of updated asset objects reloaded before import = 0Number of asset objects unloaded after import = 0

========================================================================
Received Import Request.
  Time since last request: 3.886055 seconds.
  path: Assets/Rolling_Balls-Sci-fi_Pack/Rolling_Balls-Sci-fi_Pack_SRP_Build/Model/RollingBalls_Sci-fi_1.fbx
  artifactKey: Guid(3fa05a0da2a6e994f8bc99718a8bcf8a) Importer(815301076,1909f56bfc062723c751e8b465ee728b)
Start importing Assets/Rolling_Balls-Sci-fi_Pack/Rolling_Balls-Sci-fi_Pack_SRP_Build/Model/RollingBalls_Sci-fi_1.fbx using Guid(3fa05a0da2a6e994f8bc99718a8bcf8a) Importer(815301076,1909f56bfc062723c751e8b465ee728b) (PreviewImporter) -> (artifact id: '4f290b2651e07f691f6a468e1c2d853d') in 12.1427501 seconds
Number of updated asset objects reloaded before import = 0Number of asset objects unloaded after import = 27

========================================================================
Received Import Request.
  Time since last request: 0.000322 seconds.
  path: Assets/Rolling_Balls-Sci-fi_Pack/Rolling_Balls-Sci-fi_Pack_SRP_Build/Model/RollingBalls_Sci-fi_3.fbx
  artifactKey: Guid(3955efe50970d694dae5ee3bd9b5a87e) Importer(815301076,1909f56bfc062723c751e8b465ee728b)
Start importing Assets/Rolling_Balls-Sci-fi_Pack/Rolling_Balls-Sci-fi_Pack_SRP_Build/Model/RollingBalls_Sci-fi_3.fbx using Guid(3955efe50970d694dae5ee3bd9b5a87e) Importer(815301076,1909f56bfc062723c751e8b465ee728b) (PreviewImporter) -> (artifact id: 'c9b15347eeada76d37ff50f9a1e17889') in 0.4554374 seconds
Number of updated asset objects reloaded before import = 0Number of asset objects unloaded after import = 19

========================================================================
Received Import Request.
  Time since last request: 43.559940 seconds.
  path: Assets/Rolling_Balls-Sci-fi_Pack/Rolling_Balls-Sci-fi_Pack_SRP_Build/Material/Rolling_Balls-Sci-fi_389.mat
  artifactKey: Guid(553d986c7d6f7ec408ea9d04ee8aeedb) Importer(815301076,1909f56bfc062723c751e8b465ee728b)
Start importing Assets/Rolling_Balls-Sci-fi_Pack/Rolling_Balls-Sci-fi_Pack_SRP_Build/Material/Rolling_Balls-Sci-fi_389.mat using Guid(553d986c7d6f7ec408ea9d04ee8aeedb) Importer(815301076,1909f56bfc062723c751e8b465ee728b) (PreviewImporter) -> (artifact id: '3021169cb2a00fd828507ce7c29166a0') in 0.0785973 seconds
Number of updated asset objects reloaded before import = 0Number of asset objects unloaded after import = 3

========================================================================
Received Import Request.
  Time since last request: 0.000072 seconds.
  path: Assets/Rolling_Balls-Sci-fi_Pack/Rolling_Balls-Sci-fi_Pack_SRP_Build/Material/Rolling_Balls-Sci-fi_421.mat
  artifactKey: Guid(ed309cfe1c53a4b44b926d7254637418) Importer(815301076,1909f56bfc062723c751e8b465ee728b)
Start importing Assets/Rolling_Balls-Sci-fi_Pack/Rolling_Balls-Sci-fi_Pack_SRP_Build/Material/Rolling_Balls-Sci-fi_421.mat using Guid(ed309cfe1c53a4b44b926d7254637418) Importer(815301076,1909f56bfc062723c751e8b465ee728b) (PreviewImporter) -> (artifact id: '1e2169c72097a13c0de7acdf24ce43b0') in 0.073347 seconds
Number of updated asset objects reloaded before import = 0Number of asset objects unloaded after import = 3

========================================================================
Received Import Request.
  Time since last request: 0.000047 seconds.
  path: Assets/Rolling_Balls-Sci-fi_Pack/Rolling_Balls-Sci-fi_Pack_SRP_Build/Material/Rolling_Balls-Sci-fi_495.mat
  artifactKey: Guid(904c7a3763da4c644897d1ddb6d44a72) Importer(815301076,1909f56bfc062723c751e8b465ee728b)
Start importing Assets/Rolling_Balls-Sci-fi_Pack/Rolling_Balls-Sci-fi_Pack_SRP_Build/Material/Rolling_Balls-Sci-fi_495.mat using Guid(904c7a3763da4c644897d1ddb6d44a72) Importer(815301076,1909f56bfc062723c751e8b465ee728b) (PreviewImporter) -> (artifact id: 'f8747353160fd15f1cd8efbf250d3714') in 0.0629993 seconds
Number of updated asset objects reloaded before import = 0Number of asset objects unloaded after import = 3

========================================================================
Received Import Request.
  Time since last request: 0.000043 seconds.
  path: Assets/Rolling_Balls-Sci-fi_Pack/Rolling_Balls-Sci-fi_Pack_SRP_Build/Material/Rolling_Balls-Sci-fi_510.mat
  artifactKey: Guid(45c2429ed07fce541b6f217a2013534b) Importer(815301076,1909f56bfc062723c751e8b465ee728b)
Start importing Assets/Rolling_Balls-Sci-fi_Pack/Rolling_Balls-Sci-fi_Pack_SRP_Build/Material/Rolling_Balls-Sci-fi_510.mat using Guid(45c2429ed07fce541b6f217a2013534b) Importer(815301076,1909f56bfc062723c751e8b465ee728b) (PreviewImporter) -> (artifact id: 'df4891a890b81b54b9918ab3088cef59') in 0.032253 seconds
Number of updated asset objects reloaded before import = 0Number of asset objects unloaded after import = 3

========================================================================
Received Import Request.
  Time since last request: 0.000081 seconds.
  path: Assets/Rolling_Balls-Sci-fi_Pack/Rolling_Balls-Sci-fi_Pack_SRP_Build/Material/Rolling_Balls-Sci-fi_586.mat
  artifactKey: Guid(725f31cde2d225f41a1cc149853d703d) Importer(815301076,1909f56bfc062723c751e8b465ee728b)
Start importing Assets/Rolling_Balls-Sci-fi_Pack/Rolling_Balls-Sci-fi_Pack_SRP_Build/Material/Rolling_Balls-Sci-fi_586.mat using Guid(725f31cde2d225f41a1cc149853d703d) Importer(815301076,1909f56bfc062723c751e8b465ee728b) (PreviewImporter) -> (artifact id: '0385de9e5b1709ea3e6f2eba27f3276e') in 0.0418947 seconds
Number of updated asset objects reloaded before import = 0Number of asset objects unloaded after import = 3

========================================================================
Received Import Request.
  Time since last request: 0.000057 seconds.
  path: Assets/Rolling_Balls-Sci-fi_Pack/Rolling_Balls-Sci-fi_Pack_SRP_Build/Material/Rolling_Balls-Sci-fi_588.mat
  artifactKey: Guid(276d3b36e7368b14197bd1f9980bfb1e) Importer(815301076,1909f56bfc062723c751e8b465ee728b)
Start importing Assets/Rolling_Balls-Sci-fi_Pack/Rolling_Balls-Sci-fi_Pack_SRP_Build/Material/Rolling_Balls-Sci-fi_588.mat using Guid(276d3b36e7368b14197bd1f9980bfb1e) Importer(815301076,1909f56bfc062723c751e8b465ee728b) (PreviewImporter) -> (artifact id: '7f536db1574e42f88d242e037de25edb') in 0.0546117 seconds
Number of updated asset objects reloaded before import = 0Number of asset objects unloaded after import = 3

========================================================================
Received Import Request.
  Time since last request: 0.000044 seconds.
  path: Assets/Rolling_Balls-Sci-fi_Pack/Rolling_Balls-Sci-fi_Pack_SRP_Build/Material/Rolling_Balls-Sci-fi_511.mat
  artifactKey: Guid(7c6f9e5292c98ad4eb32006b953321c9) Importer(815301076,1909f56bfc062723c751e8b465ee728b)
Start importing Assets/Rolling_Balls-Sci-fi_Pack/Rolling_Balls-Sci-fi_Pack_SRP_Build/Material/Rolling_Balls-Sci-fi_511.mat using Guid(7c6f9e5292c98ad4eb32006b953321c9) Importer(815301076,1909f56bfc062723c751e8b465ee728b) (PreviewImporter) -> (artifact id: '80104c2b58ef336d5ff36891e1754d17') in 0.0774744 seconds
Number of updated asset objects reloaded before import = 0Number of asset objects unloaded after import = 3

========================================================================
Received Import Request.
  Time since last request: 0.000032 seconds.
  path: Assets/Rolling_Balls-Sci-fi_Pack/Rolling_Balls-Sci-fi_Pack_SRP_Build/Material/Rolling_Balls-Sci-fi_591.mat
  artifactKey: Guid(3643c71593c393d46a150d9925d65779) Importer(815301076,1909f56bfc062723c751e8b465ee728b)
Start importing Assets/Rolling_Balls-Sci-fi_Pack/Rolling_Balls-Sci-fi_Pack_SRP_Build/Material/Rolling_Balls-Sci-fi_591.mat using Guid(3643c71593c393d46a150d9925d65779) Importer(815301076,1909f56bfc062723c751e8b465ee728b) (PreviewImporter) -> (artifact id: '9a3306b205968e607d672b2e98e3ff94') in 0.0337092 seconds
Number of updated asset objects reloaded before import = 0Number of asset objects unloaded after import = 3

========================================================================
Received Import Request.
  Time since last request: 0.000051 seconds.
  path: Assets/Rolling_Balls-Sci-fi_Pack/Rolling_Balls-Sci-fi_Pack_SRP_Build/Material/Rolling_Balls-Sci-fi_598.mat
  artifactKey: Guid(2d7166682d1cb4045a45ccac6c1ebce2) Importer(815301076,1909f56bfc062723c751e8b465ee728b)
Start importing Assets/Rolling_Balls-Sci-fi_Pack/Rolling_Balls-Sci-fi_Pack_SRP_Build/Material/Rolling_Balls-Sci-fi_598.mat using Guid(2d7166682d1cb4045a45ccac6c1ebce2) Importer(815301076,1909f56bfc062723c751e8b465ee728b) (PreviewImporter) -> (artifact id: 'b35d551e259f2ff4f76dc4cc1fca3863') in 0.0591227 seconds
Number of updated asset objects reloaded before import = 0Number of asset objects unloaded after import = 3

========================================================================
Received Import Request.
  Time since last request: 0.000049 seconds.
  path: Assets/Rolling_Balls-Sci-fi_Pack/Rolling_Balls-Sci-fi_Pack_SRP_Build/Material/Rolling_Balls-Sci-fi_595.mat
  artifactKey: Guid(d1c4a17745f5f1340b6b2a20a991ac96) Importer(815301076,1909f56bfc062723c751e8b465ee728b)
Start importing Assets/Rolling_Balls-Sci-fi_Pack/Rolling_Balls-Sci-fi_Pack_SRP_Build/Material/Rolling_Balls-Sci-fi_595.mat using Guid(d1c4a17745f5f1340b6b2a20a991ac96) Importer(815301076,1909f56bfc062723c751e8b465ee728b) (PreviewImporter) -> (artifact id: '8c3fa99191a42bf4bb72d8524ac4cdd7') in 0.0382493 seconds
Number of updated asset objects reloaded before import = 0Number of asset objects unloaded after import = 3

========================================================================
Received Import Request.
  Time since last request: 0.000110 seconds.
  path: Assets/Rolling_Balls-Sci-fi_Pack/Rolling_Balls-Sci-fi_Pack_SRP_Build/Material/Rolling_Balls-Sci-fi_596.mat
  artifactKey: Guid(d324cbc83dae895499772e5870409dd9) Importer(815301076,1909f56bfc062723c751e8b465ee728b)
Start importing Assets/Rolling_Balls-Sci-fi_Pack/Rolling_Balls-Sci-fi_Pack_SRP_Build/Material/Rolling_Balls-Sci-fi_596.mat using Guid(d324cbc83dae895499772e5870409dd9) Importer(815301076,1909f56bfc062723c751e8b465ee728b) (PreviewImporter) -> (artifact id: '5e645f271db86004f04fdd7365e4feda') in 0.0381152 seconds
Number of updated asset objects reloaded before import = 0Number of asset objects unloaded after import = 2

========================================================================
Received Import Request.
  Time since last request: 0.000032 seconds.
  path: Assets/Rolling_Balls-Sci-fi_Pack/Rolling_Balls-Sci-fi_Pack_SRP_Build/Material/Rolling_Balls-Sci-fi_594.mat
  artifactKey: Guid(722428b06618a2042a982365175f9eb1) Importer(815301076,1909f56bfc062723c751e8b465ee728b)
Start importing Assets/Rolling_Balls-Sci-fi_Pack/Rolling_Balls-Sci-fi_Pack_SRP_Build/Material/Rolling_Balls-Sci-fi_594.mat using Guid(722428b06618a2042a982365175f9eb1) Importer(815301076,1909f56bfc062723c751e8b465ee728b) (PreviewImporter) -> (artifact id: 'dfdd87c977e3cf4c09e83272c4df291c') in 0.0300493 seconds
Number of updated asset objects reloaded before import = 0Number of asset objects unloaded after import = 3

========================================================================
Received Import Request.
  Time since last request: 0.000031 seconds.
  path: Assets/Rolling_Balls-Sci-fi_Pack/Rolling_Balls-Sci-fi_Pack_SRP_Build/Material/Rolling_Balls-Sci-fi_2430.mat
  artifactKey: Guid(d5d4a67f6fd50df468c44f5a85c5e6ee) Importer(815301076,1909f56bfc062723c751e8b465ee728b)
Start importing Assets/Rolling_Balls-Sci-fi_Pack/Rolling_Balls-Sci-fi_Pack_SRP_Build/Material/Rolling_Balls-Sci-fi_2430.mat using Guid(d5d4a67f6fd50df468c44f5a85c5e6ee) Importer(815301076,1909f56bfc062723c751e8b465ee728b) (PreviewImporter) -> (artifact id: '39a9ff64baefdafaa5f927bb5ae03a95') in 0.0730953 seconds
Number of updated asset objects reloaded before import = 0Number of asset objects unloaded after import = 3

========================================================================
Received Prepare
Assembly reference Packages/com.unity.cinemachine/Editor/Samples/ExposeHDRPInternals/HDRP-Editor-ref.asmref has no target assembly definition
Assembly reference Packages/com.unity.cinemachine/Editor/Samples/ExposeHDRPInternals/HDRP-Editor-ref.asmref has no target assembly definition
Begin MonoManager ReloadAssembly
- Loaded All Assemblies, in  7.640 seconds
Assembly reference Packages/com.unity.cinemachine/Editor/Samples/ExposeHDRPInternals/HDRP-Editor-ref.asmref has no target assembly definition
'Packages/com.unity.cinemachine/Editor/Obsolete/CinemachineVirtualCameraBaseEditor.cs' contains partial class of Unity.Object, exactly 1 of the partial classes needs to be in a file with the same filename. This is to know the one that can be referenced from ie. GameObjects
'Packages/com.unity.cinemachine/Editor/Editors/CinemachineVirtualCameraBaseEditor.cs' contains partial class of Unity.Object, exactly 1 of the partial classes needs to be in a file with the same filename. This is to know the one that can be referenced from ie. GameObjects
Refreshing native plugins compatible for Editor in 7.89 ms, found 3 plugins.
Native extension for WindowsStandalone target not found
Assembly reference Packages/com.unity.cinemachine/Editor/Samples/ExposeHDRPInternals/HDRP-Editor-ref.asmref has no target assembly definition
[Package Manager] Failed to launch server process. Reason: Unity was launched with the -noUpm command-line argument
[Package Manager] Unable to send message (not connected to server process).
[Package Manager] Cannot connect to Unity Package Manager local server
Mono: successfully reloaded assembly
- Finished resetting the current domain, in  3.631 seconds
Domain Reload Profiling: 11300ms
	BeginReloadAssembly (4128ms)
		ExecutionOrderSort (4ms)
		DisableScriptedObjects (725ms)
		BackupInstance (0ms)
		ReleaseScriptingObjects (10ms)
		CreateAndSetChildDomain (1750ms)
	RebuildCommonClasses (122ms)
	RebuildNativeTypeToScriptingClass (31ms)
	initialDomainReloadingComplete (117ms)
	LoadAllAssembliesAndSetupDomain (3264ms)
		LoadAssemblies (2815ms)
		RebuildTransferFunctionScriptingTraits (0ms)
		AnalyzeDomain (1257ms)
			TypeCache.Refresh (77ms)
				TypeCache.ScanAssembly (0ms)
			BuildScriptInfoCaches (1077ms)
			ResolveRequiredComponents (57ms)
	FinalizeReload (3638ms)
		ReleaseScriptCaches (0ms)
		RebuildScriptCaches (0ms)
		SetupLoadedEditorAssemblies (2535ms)
			LogAssemblyErrors (0ms)
			InitializePlatformSupportModulesInManaged (23ms)
			SetLoadedEditorAssemblies (44ms)
			BeforeProcessingInitializeOnLoad (704ms)
			ProcessInitializeOnLoadAttributes (1382ms)
			ProcessInitializeOnLoadMethodAttributes (332ms)
			AfterProcessingInitializeOnLoad (39ms)
			EditorAssembliesLoaded (11ms)
		ExecutionOrderSort2 (0ms)
		AwakeInstancesAfterBackupRestoration (76ms)
Refreshing native plugins compatible for Editor in 7.21 ms, found 3 plugins.
Preloading 0 native plugins for Editor in 0.00 ms.
Unloading 37 Unused Serialized files (Serialized files now loaded: 0)
Unloading 6540 unused Assets / (5.8 MB). Loaded Objects now: 7353.
Memory consumption went from 160.7 MB to 154.8 MB.
Total: 52.687500 ms (FindLiveObjects: 5.441800 ms CreateObjectMapping: 1.968400 ms MarkObjects: 26.383900 ms  DeleteObjects: 18.886000 ms)

Prepare: number of updated asset objects reloaded= 0
========================================================================
Received Import Request.
  Time since last request: 184.786251 seconds.
  path: Assets/prefab/PlayEnemy/Enemy
  artifactKey: Guid(f7c5b19ff7bace645922b444a1aaf3ed) Importer(815301076,1909f56bfc062723c751e8b465ee728b)
Start importing Assets/prefab/PlayEnemy/Enemy using Guid(f7c5b19ff7bace645922b444a1aaf3ed) Importer(815301076,1909f56bfc062723c751e8b465ee728b) (PreviewImporter) -> (artifact id: '8c25d5478d084ecb1d97a5ab6cc94262') in 0.1007965 seconds
Number of updated asset objects reloaded before import = 0Number of asset objects unloaded after import = 0

========================================================================
Received Import Request.
  Time since last request: 0.000038 seconds.
  path: Assets/prefab/PlayEnemy/Enemy/FollowEnemy1.prefab
  artifactKey: Guid(7bc65e97a5ca41b4f82363a24d979275) Importer(815301076,1909f56bfc062723c751e8b465ee728b)
Start importing Assets/prefab/PlayEnemy/Enemy/FollowEnemy1.prefab using Guid(7bc65e97a5ca41b4f82363a24d979275) Importer(815301076,1909f56bfc062723c751e8b465ee728b) (PreviewImporter) -> (artifact id: '367f98e27751a222ed934dec58d0aa7d') in 0.817236 seconds
Number of updated asset objects reloaded before import = 0Number of asset objects unloaded after import = 51

========================================================================
Received Prepare
'Packages/com.unity.cinemachine/Editor/Obsolete/CinemachineVirtualCameraBaseEditor.cs' contains partial class of Unity.Object, exactly 1 of the partial classes needs to be in a file with the same filename. This is to know the one that can be referenced from ie. GameObjects
'Packages/com.unity.cinemachine/Editor/Editors/CinemachineVirtualCameraBaseEditor.cs' contains partial class of Unity.Object, exactly 1 of the partial classes needs to be in a file with the same filename. This is to know the one that can be referenced from ie. GameObjects
Refreshing native plugins compatible for Editor in 1.59 ms, found 3 plugins.
Preloading 0 native plugins for Editor in 0.00 ms.
Unloading 26 Unused Serialized files (Serialized files now loaded: 0)
Unloading 6533 unused Assets / (4.8 MB). Loaded Objects now: 7494.
Memory consumption went from 166.5 MB to 161.7 MB.
Total: 475.309000 ms (FindLiveObjects: 5.370300 ms CreateObjectMapping: 0.957600 ms MarkObjects: 461.081400 ms  DeleteObjects: 7.895400 ms)

Prepare: number of updated asset objects reloaded= 0
